Base path: /Applications/Unity/Unity.app/Contents
Pipe name: \\.\pipe\UnityShaderCompiler-2--1334542336
Cmd: getPlatforms
Cmd: compileSnippet
  api=1 type=0 insize=875 outsize=132 kw= ok=1
Cmd: compileSnippet
  api=1 type=1 insize=875 outsize=392 kw= ok=1
Cmd: compileSnippet
  api=8 type=1 insize=875 outsize=1861 kw= ok=1
Cmd: compileSnippet
  api=1 type=0 insize=984 outsize=132 kw= ok=1
Cmd: compileSnippet
  api=1 type=1 insize=984 outsize=285 kw= ok=1
Cmd: compileSnippet
  api=8 type=1 insize=984 outsize=1942 kw= ok=1
Cmd: compileSnippet
  api=1 type=0 insize=1354 outsize=379 kw= ok=1
Cmd: compileSnippet
  api=1 type=1 insize=1354 outsize=582 kw= ok=1
Cmd: compileSnippet
  api=8 type=1 insize=1354 outsize=2917 kw= ok=1
End of pipe

Quitting shader compiler process
